22:42:05 **** Incremental Build of configuration Debug for project BTreeIndex ****
make all 
Building file: ../main.cpp
Invoking: GCC C++ Compiler
g++ -O0 -g3 -Wall -c -fmessage-length=0 -MMD -MP -MF"main.d" -MT"main.o" -o "main.o" "../main.cpp"
../main.cpp: En la función ‘int main()’:
../main.cpp:29:29: aviso: conversión obsoleta de una constante de cadena a ‘char*’ [-Wwrite-strings]
     t.printDot("archivo.dot");
                             ^
In file included from ../main.cpp:14:0:
../BTree.h: En la instanciación de ‘void BTree<T>::insertar(T, int) [with T = int]’:
../main.cpp:21:23:   se requiere desde aquí
../BTree.h:39:15: aviso: conversión obsoleta de una constante de cadena a ‘char*’ [-Wwrite-strings]
               root.serialize("data.bin",4);
               ^
../BTree.h:44:8: aviso: conversión obsoleta de una constante de cadena a ‘char*’ [-Wwrite-strings]
        root.deserialize("data.bin",raiz);
        ^
../BTree.h:53:15: aviso: conversión obsoleta de una constante de cadena a ‘char*’ [-Wwrite-strings]
          raiz = s->serialize("data.bin");
               ^
../BTree.h: En la instanciación de ‘void BTree<T>::printDot(char*) [with T = int]’:
../main.cpp:29:29:   se requiere desde aquí
../BTree.h:67:8: aviso: conversión obsoleta de una constante de cadena a ‘char*’ [-Wwrite-strings]
        nodo.deserialize("data.bin", raiz);
        ^
In file included from ../main.cpp:13:0:
../BTreeNode.h: En la instanciación de ‘void BTreeNode<T>::insertar(T&, int&, int&) [with T = int]’:
../BTree.h:45:8:   se requiere desde ‘void BTree<T>::insertar(T, int) [with T = int]’
../main.cpp:21:23:   se requiere desde aquí
../BTreeNode.h:86:14: aviso: conversión obsoleta de una constante de cadena a ‘char*’ [-Wwrite-strings]
     serialize("data.bin",pe);
              ^
../BTreeNode.h:88:8: aviso: conversión obsoleta de una constante de cadena a ‘char*’ [-Wwrite-strings]
     pe = z->serialize("data.bin");
        ^
../BTreeNode.h:99:14: aviso: conversión obsoleta de una constante de cadena a ‘char*’ [-Wwrite-strings]
     serialize("data.bin",pe);
              ^
../BTreeNode.h:111:4: aviso: conversión obsoleta de una constante de cadena a ‘char*’ [-Wwrite-strings]
    temporal.deserialize("data.bin",pe);
    ^
../BTreeNode.h:136:15: aviso: conversión obsoleta de una constante de cadena a ‘char*’ [-Wwrite-strings]
      serialize("data.bin",ptemp);
               ^
../BTreeNode.h:137:9: aviso: conversión obsoleta de una constante de cadena a ‘char*’ [-Wwrite-strings]
      pe = z->serialize("data.bin");
         ^
../BTreeNode.h:154:15: aviso: conversión obsoleta de una constante de cadena a ‘char*’ [-Wwrite-strings]
      serialize("data.bin",ptemp);
               ^
../BTreeNode.h: En la instanciación de ‘void BTreeNode<T>::printDot(std::ofstream&, int) [with T = int; std::ofstream = std::basic_ofstream<char>]’:
../BTree.h:68:8:   se requiere desde ‘void BTree<T>::printDot(char*) [with T = int]’
../main.cpp:29:29:   se requiere desde aquí
../BTreeNode.h:174:9: aviso: conversión obsoleta de una constante de cadena a ‘char*’ [-Wwrite-strings]
         temporal.deserialize("data.bin", c[i]);
         ^
Finished building: ../main.cpp
 
Building target: BTreeIndex
Invoking: GCC C++ Linker
g++  -o "BTreeIndex"  ./main.o   
Finished building target: BTreeIndex
 

22:42:06 Build Finished (took 516ms)

