19:49:24 **** Incremental Build of configuration Debug for project BTree ****
make all 
Building file: ../main.cpp
Invoking: GCC C++ Compiler
g++ -O0 -g3 -Wall -c -fmessage-length=0 -MMD -MP -MF"main.d" -MT"main.o" -o "main.o" "../main.cpp"
../main.cpp: En la función miembro ‘void BTreeNode::insertar(int&, BTreeNode*&)’:
../main.cpp:193:41: error: tipos inválidos ‘int*[double]’ para índice de matriz
     z->keys[j] = keys[(j+round(t / 2)+1)];
                                         ^
../main.cpp: En la función ‘int main()’:
../main.cpp:323:29: aviso: conversión obsoleta de una constante de cadena a ‘char*’ [-Wwrite-strings]
     t.printDot("archivo.dot");
                             ^
subdir.mk:18: fallo en las instrucciones para el objetivo 'main.o'
make: *** [main.o] Error 1
19:49:41 **** Incremental Build of configuration Debug for project BTree ****
make all 
Building file: ../main.cpp
Invoking: GCC C++ Compiler
g++ -O0 -g3 -Wall -c -fmessage-length=0 -MMD -MP -MF"main.d" -MT"main.o" -o "main.o" "../main.cpp"
../main.cpp: En la función ‘int main()’:
../main.cpp:323:29: aviso: conversión obsoleta de una constante de cadena a ‘char*’ [-Wwrite-strings]
     t.printDot("archivo.dot");
                             ^
Finished building: ../main.cpp
 
Building target: BTree
Invoking: GCC C++ Linker
g++  -o "BTree"  ./main.o   
Finished building target: BTree
 
19:50:20 **** Incremental Build of configuration Debug for project BTree ****
make all 
Building file: ../main.cpp
Invoking: GCC C++ Compiler
g++ -O0 -g3 -Wall -c -fmessage-length=0 -MMD -MP -MF"main.d" -MT"main.o" -o "main.o" "../main.cpp"
../main.cpp: En la función miembro ‘void BTreeNode::insertar(int&, BTreeNode*&)’:
../main.cpp:196:28: error: tipos inválidos ‘int*[double]’ para índice de matriz
       k = keys[round(t / 2)];
                            ^
../main.cpp: En la función ‘int main()’:
../main.cpp:323:29: aviso: conversión obsoleta de una constante de cadena a ‘char*’ [-Wwrite-strings]
     t.printDot("archivo.dot");
                             ^
subdir.mk:18: fallo en las instrucciones para el objetivo 'main.o'
make: *** [main.o] Error 1
19:50:34 **** Incremental Build of configuration Debug for project BTree ****
make all 
Building file: ../main.cpp
Invoking: GCC C++ Compiler
g++ -O0 -g3 -Wall -c -fmessage-length=0 -MMD -MP -MF"main.d" -MT"main.o" -o "main.o" "../main.cpp"
../main.cpp: En la función ‘int main()’:
../main.cpp:323:29: aviso: conversión obsoleta de una constante de cadena a ‘char*’ [-Wwrite-strings]
     t.printDot("archivo.dot");
                             ^
Finished building: ../main.cpp
 
Building target: BTree
Invoking: GCC C++ Linker
g++  -o "BTree"  ./main.o   
Finished building target: BTree
 
19:51:27 **** Incremental Build of configuration Debug for project BTree ****
make all 
Building file: ../main.cpp
Invoking: GCC C++ Compiler
g++ -O0 -g3 -Wall -c -fmessage-length=0 -MMD -MP -MF"main.d" -MT"main.o" -o "main.o" "../main.cpp"
../main.cpp: En la función ‘int main()’:
../main.cpp:323:29: aviso: conversión obsoleta de una constante de cadena a ‘char*’ [-Wwrite-strings]
     t.printDot("archivo.dot");
                             ^
Finished building: ../main.cpp
 
Building target: BTree
Invoking: GCC C++ Linker
g++  -o "BTree"  ./main.o   
Finished building target: BTree
 
19:52:19 **** Incremental Build of configuration Debug for project BTree ****
make all 
Building file: ../main.cpp
Invoking: GCC C++ Compiler
g++ -O0 -g3 -Wall -c -fmessage-length=0 -MMD -MP -MF"main.d" -MT"main.o" -o "main.o" "../main.cpp"
../main.cpp: En la función ‘int main()’:
../main.cpp:325:29: aviso: conversión obsoleta de una constante de cadena a ‘char*’ [-Wwrite-strings]
     t.printDot("archivo.dot");
                             ^
Finished building: ../main.cpp
 
Building target: BTree
Invoking: GCC C++ Linker
g++  -o "BTree"  ./main.o   
Finished building target: BTree
 
19:52:39 **** Incremental Build of configuration Debug for project BTree ****
make all 
Building file: ../main.cpp
Invoking: GCC C++ Compiler
g++ -O0 -g3 -Wall -c -fmessage-length=0 -MMD -MP -MF"main.d" -MT"main.o" -o "main.o" "../main.cpp"
../main.cpp: En la función ‘int main()’:
../main.cpp:325:29: aviso: conversión obsoleta de una constante de cadena a ‘char*’ [-Wwrite-strings]
     t.printDot("archivo.dot");
                             ^
Finished building: ../main.cpp
 
Building target: BTree
Invoking: GCC C++ Linker
g++  -o "BTree"  ./main.o   
Finished building target: BTree
 
19:53:14 **** Incremental Build of configuration Debug for project BTree ****
make all 
Building file: ../main.cpp
Invoking: GCC C++ Compiler
g++ -O0 -g3 -Wall -c -fmessage-length=0 -MMD -MP -MF"main.d" -MT"main.o" -o "main.o" "../main.cpp"
../main.cpp: En la función ‘int main()’:
../main.cpp:325:29: aviso: conversión obsoleta de una constante de cadena a ‘char*’ [-Wwrite-strings]
     t.printDot("archivo.dot");
                             ^
Finished building: ../main.cpp
 
Building target: BTree
Invoking: GCC C++ Linker
g++  -o "BTree"  ./main.o   
Finished building target: BTree
 
19:53:35 **** Incremental Build of configuration Debug for project BTree ****
make all 
Building file: ../main.cpp
Invoking: GCC C++ Compiler
g++ -O0 -g3 -Wall -c -fmessage-length=0 -MMD -MP -MF"main.d" -MT"main.o" -o "main.o" "../main.cpp"
../main.cpp: En la función ‘int main()’:
../main.cpp:326:29: aviso: conversión obsoleta de una constante de cadena a ‘char*’ [-Wwrite-strings]
     t.printDot("archivo.dot");
                             ^
Finished building: ../main.cpp
 
Building target: BTree
Invoking: GCC C++ Linker
g++  -o "BTree"  ./main.o   
Finished building target: BTree
 
19:54:01 **** Incremental Build of configuration Debug for project BTree ****
make all 
Building file: ../main.cpp
Invoking: GCC C++ Compiler
g++ -O0 -g3 -Wall -c -fmessage-length=0 -MMD -MP -MF"main.d" -MT"main.o" -o "main.o" "../main.cpp"
../main.cpp: En la función ‘int main()’:
../main.cpp:326:29: aviso: conversión obsoleta de una constante de cadena a ‘char*’ [-Wwrite-strings]
     t.printDot("archivo.dot");
                             ^
Finished building: ../main.cpp
 
Building target: BTree
Invoking: GCC C++ Linker
g++  -o "BTree"  ./main.o   
Finished building target: BTree
 
19:54:32 **** Incremental Build of configuration Debug for project BTree ****
make all 
Building file: ../main.cpp
Invoking: GCC C++ Compiler
g++ -O0 -g3 -Wall -c -fmessage-length=0 -MMD -MP -MF"main.d" -MT"main.o" -o "main.o" "../main.cpp"
../main.cpp: En la función ‘int main()’:
../main.cpp:326:29: aviso: conversión obsoleta de una constante de cadena a ‘char*’ [-Wwrite-strings]
     t.printDot("archivo.dot");
                             ^
Finished building: ../main.cpp
 
Building target: BTree
Invoking: GCC C++ Linker
g++  -o "BTree"  ./main.o   
Finished building target: BTree
 
19:54:46 **** Incremental Build of configuration Debug for project BTree ****
make all 
Building file: ../main.cpp
Invoking: GCC C++ Compiler
g++ -O0 -g3 -Wall -c -fmessage-length=0 -MMD -MP -MF"main.d" -MT"main.o" -o "main.o" "../main.cpp"
../main.cpp: En la función ‘int main()’:
../main.cpp:326:29: aviso: conversión obsoleta de una constante de cadena a ‘char*’ [-Wwrite-strings]
     t.printDot("archivo.dot");
                             ^
Finished building: ../main.cpp
 
Building target: BTree
Invoking: GCC C++ Linker
g++  -o "BTree"  ./main.o   
Finished building target: BTree
 
19:55:54 **** Incremental Build of configuration Debug for project BTree ****
make all 
Building file: ../main.cpp
Invoking: GCC C++ Compiler
g++ -O0 -g3 -Wall -c -fmessage-length=0 -MMD -MP -MF"main.d" -MT"main.o" -o "main.o" "../main.cpp"
../main.cpp: En la función ‘int main()’:
../main.cpp:326:29: aviso: conversión obsoleta de una constante de cadena a ‘char*’ [-Wwrite-strings]
     t.printDot("archivo.dot");
                             ^
Finished building: ../main.cpp
 
Building target: BTree
Invoking: GCC C++ Linker
g++  -o "BTree"  ./main.o   
Finished building target: BTree
 
19:56:26 **** Incremental Build of configuration Debug for project BTree ****
make all 
Building file: ../main.cpp
Invoking: GCC C++ Compiler
g++ -O0 -g3 -Wall -c -fmessage-length=0 -MMD -MP -MF"main.d" -MT"main.o" -o "main.o" "../main.cpp"
../main.cpp: En la función ‘int main()’:
../main.cpp:326:29: aviso: conversión obsoleta de una constante de cadena a ‘char*’ [-Wwrite-strings]
     t.printDot("archivo.dot");
                             ^
Finished building: ../main.cpp
 
Building target: BTree
Invoking: GCC C++ Linker
g++  -o "BTree"  ./main.o   
Finished building target: BTree
 
19:56:36 **** Incremental Build of configuration Debug for project BTree ****
make all 
Building file: ../main.cpp
Invoking: GCC C++ Compiler
g++ -O0 -g3 -Wall -c -fmessage-length=0 -MMD -MP -MF"main.d" -MT"main.o" -o "main.o" "../main.cpp"
../main.cpp: En la función ‘int main()’:
../main.cpp:326:29: aviso: conversión obsoleta de una constante de cadena a ‘char*’ [-Wwrite-strings]
     t.printDot("archivo.dot");
                             ^
Finished building: ../main.cpp
 
Building target: BTree
Invoking: GCC C++ Linker
g++  -o "BTree"  ./main.o   
Finished building target: BTree
 
19:57:03 **** Incremental Build of configuration Debug for project BTree ****
make all 
Building file: ../main.cpp
Invoking: GCC C++ Compiler
g++ -O0 -g3 -Wall -c -fmessage-length=0 -MMD -MP -MF"main.d" -MT"main.o" -o "main.o" "../main.cpp"
../main.cpp: En la función ‘int main()’:
../main.cpp:326:29: aviso: conversión obsoleta de una constante de cadena a ‘char*’ [-Wwrite-strings]
     t.printDot("archivo.dot");
                             ^
Finished building: ../main.cpp
 
Building target: BTree
Invoking: GCC C++ Linker
g++  -o "BTree"  ./main.o   
Finished building target: BTree
 
19:57:26 **** Incremental Build of configuration Debug for project BTree ****
make all 
Building file: ../main.cpp
Invoking: GCC C++ Compiler
g++ -O0 -g3 -Wall -c -fmessage-length=0 -MMD -MP -MF"main.d" -MT"main.o" -o "main.o" "../main.cpp"
../main.cpp: En la función ‘int main()’:
../main.cpp:326:29: aviso: conversión obsoleta de una constante de cadena a ‘char*’ [-Wwrite-strings]
     t.printDot("archivo.dot");
                             ^
Finished building: ../main.cpp
 
Building target: BTree
Invoking: GCC C++ Linker
g++  -o "BTree"  ./main.o   
Finished building target: BTree
 
19:57:37 **** Incremental Build of configuration Debug for project BTree ****
make all 
Building file: ../main.cpp
Invoking: GCC C++ Compiler
g++ -O0 -g3 -Wall -c -fmessage-length=0 -MMD -MP -MF"main.d" -MT"main.o" -o "main.o" "../main.cpp"
../main.cpp: En la función ‘int main()’:
../main.cpp:326:29: aviso: conversión obsoleta de una constante de cadena a ‘char*’ [-Wwrite-strings]
     t.printDot("archivo.dot");
                             ^
Finished building: ../main.cpp
 
Building target: BTree
Invoking: GCC C++ Linker
g++  -o "BTree"  ./main.o   
Finished building target: BTree
 
19:59:15 **** Incremental Build of configuration Debug for project BTree ****
make all 
Building file: ../main.cpp
Invoking: GCC C++ Compiler
g++ -O0 -g3 -Wall -c -fmessage-length=0 -MMD -MP -MF"main.d" -MT"main.o" -o "main.o" "../main.cpp"
../main.cpp: En la función ‘int main()’:
../main.cpp:326:29: aviso: conversión obsoleta de una constante de cadena a ‘char*’ [-Wwrite-strings]
     t.printDot("archivo.dot");
                             ^
Finished building: ../main.cpp
 
Building target: BTree
Invoking: GCC C++ Linker
g++  -o "BTree"  ./main.o   
Finished building target: BTree
 
19:59:40 **** Incremental Build of configuration Debug for project BTree ****
make all 
Building file: ../main.cpp
Invoking: GCC C++ Compiler
g++ -O0 -g3 -Wall -c -fmessage-length=0 -MMD -MP -MF"main.d" -MT"main.o" -o "main.o" "../main.cpp"
../main.cpp: En la función ‘int main()’:
../main.cpp:326:29: aviso: conversión obsoleta de una constante de cadena a ‘char*’ [-Wwrite-strings]
     t.printDot("archivo.dot");
                             ^
Finished building: ../main.cpp
 
Building target: BTree
Invoking: GCC C++ Linker
g++  -o "BTree"  ./main.o   
Finished building target: BTree
 
20:00:09 **** Incremental Build of configuration Debug for project BTree ****
make all 
Building file: ../main.cpp
Invoking: GCC C++ Compiler
g++ -O0 -g3 -Wall -c -fmessage-length=0 -MMD -MP -MF"main.d" -MT"main.o" -o "main.o" "../main.cpp"
../main.cpp: En la función ‘int main()’:
../main.cpp:326:29: aviso: conversión obsoleta de una constante de cadena a ‘char*’ [-Wwrite-strings]
     t.printDot("archivo.dot");
                             ^
Finished building: ../main.cpp
 
Building target: BTree
Invoking: GCC C++ Linker
g++  -o "BTree"  ./main.o   
Finished building target: BTree
 
